<?xml version="1.0" encoding="UTF-8"?>
<testsuite name="com.accenture.HolaMundoSerenity.features.search.HolaMundo" tests="1" skipped="0" failures="0" errors="0" timestamp="2021-04-23T13:09:00" hostname="CPX-QUHWLRAIOYX" time="9.092">
  <properties/>
  <testcase name="busquedaDeHolaMundoEnGoogle" classname="com.accenture.HolaMundoSerenity.features.search.HolaMundo" time="9.092"/>
  <system-out><![CDATA[]]></system-out>
  <system-err><![CDATA[[Test worker] INFO net.thucydides.core.steps.ConsoleLoggingListener - 

-------------------------------------------------------------------------------------
     _______. _______ .______       _______ .__   __.  __  .___________.____    ____ 
    /       ||   ____||   _  \     |   ____||  \ |  | |  | |           |\   \  /   / 
   |   (----`|  |__   |  |_)  |    |  |__   |   \|  | |  | `---|  |----` \   \/   /  
    \   \    |   __|  |      /     |   __|  |  . `  | |  |     |  |       \_    _/   
.----)   |   |  |____ |  |\  \----.|  |____ |  |\   | |  |     |  |         |  |     
|_______/    |_______|| _| `._____||_______||__| \__| |__|     |__|         |__|    
                                                                                     
 News and tutorials at http://www.serenity-bdd.info                                  
 Documentation at https://wakaleo.gitbooks.io/the-serenity-book/content/             
 Join the Serenity Community on Rocket Chat at https://serenity-bdd.rocket.chat      
 Serenity BDD Support and Training at http://serenity-bdd.info/#/trainingandsupport  
 Learn Serenity BDD online at http://serenity-dojo.com                               
-------------------------------------------------------------------------------------

[Test worker] INFO net.thucydides.core.steps.ConsoleLoggingListener - Test Suite Started: Hola mundo
[Test worker] INFO net.thucydides.core.steps.ConsoleLoggingListener - 
 _____ _____ ____ _____   ____ _____  _    ____ _____ _____ ____  
|_   _| ____/ ___|_   _| / ___|_   _|/ \  |  _ \_   _| ____|  _ \ 
  | | |  _| \___ \ | |   \___ \ | | / _ \ | |_) || | |  _| | | | |
  | | | |___ ___) || |    ___) || |/ ___ \|  _ < | | | |___| |_| |
  |_| |_____|____/ |_|   |____/ |_/_/   \_\_| \_\|_| |_____|____/ 
                                                                  

TEST STARTED: busquedaDeHolaMundoEnGoogle
-------------------------------------------------------------------
[Test worker] INFO net.serenitybdd.core.Serenity - TEST NUMBER: 1
Apr 23, 2021 8:09:01 AM org.openqa.selenium.remote.DesiredCapabilities chrome
INFO: Using `new ChromeOptions()` is preferred to `DesiredCapabilities.chrome()`
[Test worker] INFO net.serenitybdd.core.webdriver.driverproviders.ProvideNewDriver - Instantiating driver
[Test worker] INFO net.serenitybdd.core.webdriver.driverproviders.ProvideNewDriver - Driver capabilities: Capabilities {acceptInsecureCerts: false, browserName: chrome, goog:chromeOptions: {args: [], extensions: []}, loggingPrefs: org.openqa.selenium.logging..., platform: ANY, version: }
Starting ChromeDriver 89.0.4389.23 (61b08ee2c50024bab004e48d2b1b083cdbdac579-refs/branch-heads/4389@{#294}) on port 24887
Only local connections are allowed.
Please see https://chromedriver.chromium.org/security-considerations for suggestions on keeping ChromeDriver safe.
ChromeDriver was started successfully.
[1619183344.407][WARNING]: This version of ChromeDriver has not been tested with Chrome version 90.
Apr 23, 2021 8:09:04 AM org.openqa.selenium.remote.ProtocolHandshake createSession
INFO: Detected dialect: W3C
[Test worker] INFO net.thucydides.core.requirements.PackageRequirementsTagProvider - Loading requirements from package requirements at: com.accenture.HolaMundoSerenity.features
[Test worker] INFO net.thucydides.core.steps.ConsoleLoggingListener - 
        __    _____ _____ ____ _____   ____   _    ____  ____  _____ ____  
  _     \ \  |_   _| ____/ ___|_   _| |  _ \ / \  / ___|/ ___|| ____|  _ \ 
 (_)_____| |   | | |  _| \___ \ | |   | |_) / _ \ \___ \\___ \|  _| | | | |
  _|_____| |   | | | |___ ___) || |   |  __/ ___ \ ___) |___) | |___| |_| |
 (_)     | |   |_| |_____|____/ |_|   |_| /_/   \_\____/|____/|_____|____/ 
        /_/                                                                

TEST PASSED: Prueba de Titulo
----------------------------------------------------------------------------
[pool-2-thread-1] INFO net.thucydides.core.requirements.PackageRequirementsTagProvider - Loading requirements from package requirements at: com.accenture.HolaMundoSerenity.features
]]></system-err>
</testsuite>
